[    0.000000] Linux version 4.15.0-212-generic (buildd@lcy02-amd64-083) (gcc version 7.5.0 (Ubuntu 7.5.0-3ubuntu1~18.04)) #223-Ubuntu SMP Tue May 23 13:09:22 UTC 2023 (Ubuntu 4.15.0-212.223-generic 4.15.18)
[    0.000000] Command line: BOOT_IMAGE=/boot/vmlinuz-4.15.0-212-generic root=LABEL=cloudimg-rootfs ro console=tty1 console=ttyS0
[    0.000000] KERNEL supported cpus:
[    0.000000]   Intel GenuineIntel
[    0.000000]   AMD AuthenticAMD
[    0.000000]   Centaur CentaurHauls
[    0.000000] x86/fpu: x87 FPU will use FXSAVE
[    0.000000] e820: BIOS-provided physical RAM map:
[    0.000000] BIOS-e820: [mem 0x0000000000000000-0x000000000009fbff] usable
[    0.000000] BIOS-e820: [mem 0x000000000009fc00-0x000000000009ffff] reserved
[    0.000000] BIOS-e820: [mem 0x00000000000f0000-0x00000000000fffff] reserved
[    0.000000] BIOS-e820: [mem 0x0000000000100000-0x000000003ffeffff] usable
[    0.000000] BIOS-e820: [mem 0x000000003fff0000-0x000000003fffffff] ACPI data
[    0.000000] BIOS-e820: [mem 0x00000000fec00000-0x00000000fec00fff] reserved
[    0.000000] BIOS-e820: [mem 0x00000000fee00000-0x00000000fee00fff] reserved
[    0.000000] BIOS-e820: [mem 0x00000000fffc0000-0x00000000ffffffff] reserved
[    0.000000] NX (Execute Disable) protection: active
[    0.000000] SMBIOS 2.5 present.
[    0.000000] DMI: innotek GmbH VirtualBox/VirtualBox, BIOS VirtualBox 12/01/2006
[    0.000000] Hypervisor detected: KVM
[    0.000000] e820: last_pfn = 0x3fff0 max_arch_pfn = 0x400000000
[    0.000000] x86/PAT: Configuration [0-7]: WB  WC  UC- UC  WB  WP  UC- WT  
[    0.000000] CPU MTRRs all blank - virtualized system.
[    0.000000] found SMP MP-table at [mem 0x0009fbf0-0x0009fbff]
[    0.000000] Scanning 1 areas for low memory corruption
[    0.000000] RAMDISK: [mem 0x359cb000-0x36cdcfff]
[    0.000000] ACPI: Early table checksum verification disabled
[    0.000000] ACPI: RSDP 0x00000000000E0000 000024 (v02 VBOX  )
[    0.000000] ACPI: XSDT 0x000000003FFF0030 00003C (v01 VBOX   VBOXXSDT 00000001 ASL  00000061)
[    0.000000] ACPI: FACP 0x000000003FFF00F0 0000F4 (v04 VBOX   VBOXFACP 00000001 ASL  00000061)
[    0.000000] ACPI: DSDT 0x000000003FFF0610 002353 (v02 VBOX   VBOXBIOS 00000002 INTL 20100528)
[    0.000000] ACPI: FACS 0x000000003FFF0200 000040
[    0.000000] ACPI: FACS 0x000000003FFF0200 000040
[    0.000000] ACPI: APIC 0x000000003FFF0240 00005C (v02 VBOX   VBOXAPIC 00000001 ASL  00000061)
[    0.000000] ACPI: SSDT 0x000000003FFF02A0 00036C (v01 VBOX   VBOXCPUT 00000002 INTL 20100528)
[    0.000000] ACPI: Reserving FACP table memory at [mem 0x3fff00f0-0x3fff01e3]
[    0.000000] ACPI: Reserving DSDT table memory at [mem 0x3fff0610-0x3fff2962]
[    0.000000] ACPI: Reserving FACS table memory at [mem 0x3fff0200-0x3fff023f]
[    0.000000] ACPI: Reserving FACS table memory at [mem 0x3fff0200-0x3fff023f]
[    0.000000] ACPI: Reserving APIC table memory at [mem 0x3fff0240-0x3fff029b]
[    0.000000] ACPI: Reserving SSDT table memory at [mem 0x3fff02a0-0x3fff060b]
[    0.000000] No NUMA configuration found
[    0.000000] Faking a node at [mem 0x0000000000000000-0x000000003ffeffff]
[    0.000000] NODE_DATA(0) allocated [mem 0x3ffc5000-0x3ffeffff]
[    0.000000] kvm-clock: cpu 0, msr 0:3ff44001, primary cpu clock
[    0.000000] kvm-clock: Using msrs 4b564d01 and 4b564d00
[    0.000000] kvm-clock: using sched offset of 3304759211 cycles
[    0.000000] clocksource: kvm-clock: mask: 0xffffffffffffffff max_cycles: 0x1cd42e4dffb, max_idle_ns: 881590591483 ns
[    0.000000] Zone ranges:
[    0.000000]   DMA      [mem 0x0000000000001000-0x0000000000ffffff]
[    0.000000]   DMA32    [mem 0x0000000001000000-0x000000003ffeffff]
[    0.000000]   Normal   empty
[    0.000000]   Device   empty
[    0.000000] Movable zone start for each node
[    0.000000] Early memory node ranges
[    0.000000]   node   0: [mem 0x0000000000001000-0x000000000009efff]
[    0.000000]   node   0: [mem 0x0000000000100000-0x000000003ffeffff]
[    0.000000] Reserved but unavailable: 104 pages
[    0.000000] Initmem setup node 0 [mem 0x0000000000001000-0x000000003ffeffff]
[    0.000000] ACPI: PM-Timer IO Port: 0x4008
[    0.000000] IOAPIC[0]: apic_id 2, version 32, address 0xfec00000, GSI 0-23
[    0.000000] ACPI: INT_SRC_OVR (bus 0 bus_irq 0 global_irq 2 dfl dfl)
[    0.000000] ACPI: INT_SRC_OVR (bus 0 bus_irq 9 global_irq 9 low level)
[    0.000000] Using ACPI (MADT) for SMP configuration information
[    0.000000] smpboot: Allowing 2 CPUs, 0 hotplug CPUs
[    0.000000] PM: Registered nosave memory: [mem 0x00000000-0x00000fff]
[    0.000000] PM: Registered nosave memory: [mem 0x0009f000-0x0009ffff]
[    0.000000] PM: Registered nosave memory: [mem 0x000a0000-0x000effff]
[    0.000000] PM: Registered nosave memory: [mem 0x000f0000-0x000fffff]
[    0.000000] e820: [mem 0x40000000-0xfebfffff] available for PCI devices
[    0.000000] Booting paravirtualized kernel on KVM
[    0.000000] clocksource: refined-jiffies: mask: 0xffffffff max_cycles: 0xffffffff, max_idle_ns: 7645519600211568 ns
[    0.000000] setup_percpu: NR_CPUS:8192 nr_cpumask_bits:2 nr_cpu_ids:2 nr_node_ids:1
[    0.000000] percpu: Embedded 50 pages/cpu s167936 r8192 d28672 u1048576
[    0.000000] PV qspinlock hash table entries: 256 (order: 0, 4096 bytes)
[    0.000000] Built 1 zonelists, mobility grouping on.  Total pages: 257913
[    0.000000] Policy zone: DMA32
[    0.000000] Kernel command line: BOOT_IMAGE=/boot/vmlinuz-4.15.0-212-generic root=LABEL=cloudimg-rootfs ro console=tty1 console=ttyS0
[    0.000000] Memory: 982644K/1048120K available (12300K kernel code, 2477K rwdata, 4324K rodata, 2480K init, 2720K bss, 65476K reserved, 0K cma-reserved)
[    0.000000] SLUB: HWalign=64, Order=0-3, MinObjects=0, CPUs=2, Nodes=1
[    0.000000] ftrace: allocating 39508 entries in 155 pages
[    0.004000] Hierarchical RCU implementation.
[    0.004000] 	RCU restricting CPUs from NR_CPUS=8192 to nr_cpu_ids=2.
[    0.004000] 	Tasks RCU enabled.
[    0.004000] RCU: Adjusting geometry for rcu_fanout_leaf=16, nr_cpu_ids=2
[    0.004000] NR_IRQS: 524544, nr_irqs: 440, preallocated irqs: 16
[    0.004000] random: crng init done
[    0.004000] Console: colour VGA+ 80x25
[    0.004000] console [tty1] enabled
[    0.004000] console [ttyS0] enabled
[    0.004000] ACPI: Core revision 20170831
[    0.004000] ACPI: 2 ACPI AML tables successfully acquired and loaded
[    0.004000] APIC: Switch to symmetric I/O mode setup
[    0.004000] ..TIMER: vector=0x30 apic1=0 pin1=2 apic2=-1 pin2=-1
[    0.004005] tsc: Detected 2496.002 MHz processor
[    0.008008] Calibrating delay loop (skipped) preset value.. 4992.00 BogoMIPS (lpj=9984008)
[    0.012002] pid_max: default: 32768 minimum: 301
[    0.014095] Security Framework initialized
[    0.016002] Yama: becoming mindful.
[    0.017628] AppArmor: AppArmor initialized
[    0.021797] Dentry cache hash table entries: 131072 (order: 8, 1048576 bytes)
[    0.024898] Inode-cache hash table entries: 65536 (order: 7, 524288 bytes)
[    0.028039] Mount-cache hash table entries: 2048 (order: 2, 16384 bytes)
[    0.032035] Mountpoint-cache hash table entries: 2048 (order: 2, 16384 bytes)
[    0.036920] Last level iTLB entries: 4KB 0, 2MB 0, 4MB 0
[    0.039273] Last level dTLB entries: 4KB 0, 2MB 0, 4MB 0, 1GB 0
[    0.040003] Spectre V1 : Mitigation: usercopy/swapgs barriers and __user pointer sanitization
[    0.044002] Spectre V2 : Mitigation: Enhanced IBRS
[    0.048004] Spectre V2 : Spectre v2 / SpectreRSB mitigation: Filling RSB on context switch
[    0.052006] Spectre V2 : Spectre v2 / PBRSB-eIBRS: Retire a single CALL on VMEXIT
[    0.056006] RETBleed: Mitigation: Enhanced IBRS
[    0.060007] Speculative Store Bypass: Vulnerable
[    0.064152] Freeing SMP alternatives memory: 36K
[    0.184006] APIC calibration not consistent with PM-Timer: 103ms instead of 100ms
[    0.188000] APIC delta adjusted to PM-Timer: 6274250 (6524622)
[    0.188182] smpboot: CPU0: 12th Gen Intel(R) Core(TM) i5-12400 (family: 0x6, model: 0x97, stepping: 0x5)
[    0.192223] Performance Events: unsupported p6 CPU model 151 no PMU driver, software events only.
[    0.195975] Hierarchical SRCU implementation.
[    0.196268] NMI watchdog: Perf event create on CPU 0 failed with -2
[    0.200002] NMI watchdog: Perf NMI watchdog permanently disabled
[    0.202783] smp: Bringing up secondary CPUs ...
[    0.204410] x86: Booting SMP configuration:
[    0.206276] .... node  #0, CPUs:      #1
[    0.004000] kvm-clock: cpu 1, msr 0:3ff44041, secondary cpu clock
[    0.214545] TSC synchronization [CPU#0 -> CPU#1]:
[    0.216000] Measured 52694 cycles TSC warp between CPUs, turning off TSC clock.
[    0.216000] tsc: Marking TSC unstable due to check_tsc_sync_source failed
[    0.216055] smp: Brought up 1 node, 2 CPUs
[    0.217795] smpboot: Max logical packages: 1
[    0.220003] smpboot: Total of 2 processors activated (9984.00 BogoMIPS)
[    0.224262] devtmpfs: initialized
[    0.225475] x86/mm: Memory block size: 128MB
[    0.228202] evm: security.selinux
[    0.229705] evm: security.SMACK64
[    0.231153] evm: security.SMACK64EXEC
[    0.232002] evm: security.SMACK64TRANSMUTE
[    0.233720] evm: security.SMACK64MMAP
[    0.235267] evm: security.apparmor
[    0.236002] evm: security.ima
[    0.237282] evm: security.capability
[    0.240054] clocksource: jiffies: mask: 0xffffffff max_cycles: 0xffffffff, max_idle_ns: 7645041785100000 ns
[    0.244052] futex hash table entries: 512 (order: 3, 32768 bytes)
[    0.246694] pinctrl core: initialized pinctrl subsystem
[    0.248273] RTC time: 20:56:54, date: 04/13/25
[    0.252345] NET: Registered protocol family 16
[    0.254266] audit: initializing netlink subsys (disabled)
[    0.256098] audit: type=2000 audit(1744577819.393:1): state=initialized audit_enabled=0 res=1
[    0.260066] cpuidle: using governor ladder
[    0.261822] cpuidle: using governor menu
[    0.264056] ACPI: bus type PCI registered
[    0.265741] acpiphp: ACPI Hot Plug PCI Controller Driver version: 0.5
[    0.268259] PCI: Using configuration type 1 for base access
[    0.272168] HugeTLB registered 2.00 MiB page size, pre-allocated 0 pages
[    0.276234] ACPI: Added _OSI(Module Device)
[    0.277935] ACPI: Added _OSI(Processor Device)
[    0.280052] ACPI: Added _OSI(3.0 _SCP Extensions)
[    0.281999] ACPI: Added _OSI(Processor Aggregator Device)
[    0.284007] ACPI: Added _OSI(Linux-Dell-Video)
[    0.285852] ACPI: Added _OSI(Linux-Lenovo-NV-HDMI-Audio)
[    0.288001] ACPI: Added _OSI(Linux-HPI-Hybrid-Graphics)
[    0.290678] ACPI: Executed 1 blocks of module-level executable AML code
[    0.296066] ACPI: Interpreter enabled
[    0.297645] ACPI: (supports S0 S5)
[    0.299096] ACPI: Using IOAPIC for interrupt routing
[    0.300231] PCI: Using host bridge windows from ACPI; if necessary, use "pci=nocrs" and report a bug
[    0.304000] ACPI: Enabled 2 GPEs in block 00 to 07
[    0.310474] ACPI: PCI Root Bridge [PCI0] (domain 0000 [bus 00-ff])
[    0.312004] acpi PNP0A03:00: _OSC: OS supports [ASPM ClockPM Segments MSI]
[    0.315248] acpi PNP0A03:00: _OSC: not requesting OS control; OS requires [ExtendedConfig ASPM ClockPM MSI]
[    0.316007] acpi PNP0A03:00: fail to add MMCONFIG information, can't access extended PCI configuration space under this bridge.
[    0.320417] PCI host bridge to bus 0000:00
[    0.322132] pci_bus 0000:00: root bus resource [io  0x0000-0x0cf7 window]
[    0.324003] pci_bus 0000:00: root bus resource [io  0x0d00-0xffff window]
[    0.328001] pci_bus 0000:00: root bus resource [mem 0x000a0000-0x000bffff window]
[    0.331076] pci_bus 0000:00: root bus resource [mem 0x40000000-0xfdffffff window]
[    0.332004] pci_bus 0000:00: root bus resource [bus 00-ff]
[    0.339197] pci 0000:00:01.1: legacy IDE quirk: reg 0x10: [io  0x01f0-0x01f7]
[    0.340002] pci 0000:00:01.1: legacy IDE quirk: reg 0x14: [io  0x03f6]
[    0.342632] pci 0000:00:01.1: legacy IDE quirk: reg 0x18: [io  0x0170-0x0177]
[    0.344001] pci 0000:00:01.1: legacy IDE quirk: reg 0x1c: [io  0x0376]
[    0.356496] pci 0000:00:07.0: quirk: [io  0x4000-0x403f] claimed by PIIX4 ACPI
[    0.359892] pci 0000:00:07.0: quirk: [io  0x4100-0x410f] claimed by PIIX4 SMB
[    0.365036] ACPI: PCI Interrupt Link [LNKA] (IRQs 5 9 10 *11)
[    0.367689] ACPI: PCI Interrupt Link [LNKB] (IRQs 5 9 *10 11)
[    0.368110] ACPI: PCI Interrupt Link [LNKC] (IRQs 5 *9 10 11)
[    0.370676] ACPI: PCI Interrupt Link [LNKD] (IRQs 5 9 10 *11)
[    0.372459] SCSI subsystem initialized
[    0.376085] pci 0000:00:02.0: vgaarb: setting as boot VGA device
[    0.378474] pci 0000:00:02.0: vgaarb: VGA device added: decodes=io+mem,owns=io+mem,locks=none
[    0.380003] pci 0000:00:02.0: vgaarb: bridge control possible
[    0.384001] vgaarb: loaded
[    0.385212] ACPI: bus type USB registered
[    0.386907] usbcore: registered new interface driver usbfs
[    0.388005] usbcore: registered new interface driver hub
[    0.390492] usbcore: registered new device driver usb
[    0.392153] EDAC MC: Ver: 3.0.0
[    0.393870] PCI: Using ACPI for IRQ routing
[    0.396364] NetLabel: Initializing
[    0.397863] NetLabel:  domain hash size = 128
[    0.400001] NetLabel:  protocols = UNLABELED CIPSOv4 CALIPSO
[    0.402336] NetLabel:  unlabeled traffic allowed by default
[    0.404178] clocksource: Switched to clocksource kvm-clock
[    0.410523] VFS: Disk quotas dquot_6.6.0
[    0.410523] VFS: Dquot-cache hash table entries: 512 (order 0, 4096 bytes)
[    0.410523] AppArmor: AppArmor Filesystem Enabled
[    0.410523] pnp: PnP ACPI init
[    0.410523] pnp: PnP ACPI: found 3 devices
[    0.457553] clocksource: acpi_pm: mask: 0xffffff max_cycles: 0xffffff, max_idle_ns: 2085701024 ns
[    0.460608] NET: Registered protocol family 2
[    0.460608] IP idents hash table entries: 16384 (order: 5, 131072 bytes)
[    0.466289] TCP established hash table entries: 8192 (order: 4, 65536 bytes)
[    0.469574] TCP bind hash table entries: 8192 (order: 5, 131072 bytes)
[    0.472693] TCP: Hash tables configured (established 8192 bind 8192)
[    0.475518] UDP hash table entries: 512 (order: 2, 16384 bytes)
[    0.476453] UDP-Lite hash table entries: 512 (order: 2, 16384 bytes)
[    0.476453] NET: Registered protocol family 1
[    0.476453] pci 0000:00:00.0: Limiting direct PCI/PCI transfers
[    0.476453] pci 0000:00:01.0: Activating ISA DMA hang workarounds
[    0.476453] pci 0000:00:02.0: Video device with shadowed ROM at [mem 0x000c0000-0x000dffff]
[    0.476453] Unpacking initramfs...
[    0.476453] Freeing initrd memory: 19528K
[    0.476453] clocksource: tsc: mask: 0xffffffffffffffff max_cycles: 0x23fa79125d1, max_idle_ns: 440795329579 ns
[    0.476453] platform rtc_cmos: registered platform RTC device (no PNP device found)
[    0.476453] Scanning for low memory corruption every 60 seconds
[    0.798756] Initialise system trusted keyrings
[    0.800691] Key type blacklist registered
[    0.802413] workingset: timestamp_bits=36 max_order=18 bucket_order=0
[    0.806285] zbud: loaded
[    0.807814] squashfs: version 4.0 (2009/01/31) Phillip Lougher
[    0.810619] fuse init (API version 7.26)
[    0.824981] Key type asymmetric registered
[    0.826707] Asymmetric key parser 'x509' registered
[    0.828850] Block layer SCSI generic (bsg) driver version 0.4 loaded (major 246)
[    0.832188] io scheduler noop registered
[    0.833817] io scheduler deadline registered
[    0.835594] io scheduler cfq registered (default)
[    0.838325] ACPI: AC Adapter [AC] (on-line)
[    0.840229] input: Power Button as /devices/LNXSYSTM:00/LNXPWRBN:00/input/input0
[    0.843375] ACPI: Power Button [PWRF]
[    0.845121] input: Sleep Button as /devices/LNXSYSTM:00/LNXSLPBN:00/input/input1
[    0.848217] ACPI: Sleep Button [SLPF]
[    0.850353] Serial: 8250/16550 driver, 32 ports, IRQ sharing enabled
[    0.876532] 00:02: ttyS0 at I/O 0x3f8 (irq = 4, base_baud = 115200) is a 16550A
[    0.887720] Linux agpgart interface v0.103
[    0.894244] loop: module loaded
[    0.897037] scsi host0: ata_piix
[    0.898851] scsi host1: ata_piix
[    0.900383] ata1: PATA max UDMA/33 cmd 0x1f0 ctl 0x3f6 bmdma 0xd000 irq 14
[    0.903138] ata2: PATA max UDMA/33 cmd 0x170 ctl 0x376 bmdma 0xd008 irq 15
[    0.906341] tun: Universal TUN/TAP device driver, 1.6
[    0.908814] PPP generic driver version 2.4.2
[    0.910785] ehci_hcd: USB 2.0 'Enhanced' Host Controller (EHCI) Driver
[    0.913466] ehci-pci: EHCI PCI platform driver
[    0.915307] ehci-platform: EHCI generic platform driver
[    0.917552] ohci_hcd: USB 1.1 'Open' Host Controller (OHCI) Driver
[    0.920103] ohci-pci: OHCI PCI platform driver
[    0.922101] ohci-platform: OHCI generic platform driver
[    0.924289] uhci_hcd: USB Universal Host Controller Interface driver
[    0.927038] i8042: PNP: PS/2 Controller [PNP0303:PS2K,PNP0f03:PS2M] at 0x60,0x64 irq 1,12
[    0.931983] serio: i8042 KBD port at 0x60,0x64 irq 1
[    0.934276] serio: i8042 AUX port at 0x60,0x64 irq 12
[    0.937048] mousedev: PS/2 mouse device common for all mice
[    0.941843] rtc_cmos rtc_cmos: rtc core: registered rtc_cmos as rtc0
[    0.944573] input: AT Translated Set 2 keyboard as /devices/platform/i8042/serio0/input/input2
[    0.948723] rtc_cmos rtc_cmos: alarms up to one day, 114 bytes nvram
[    0.951276] i2c /dev entries driver
[    0.952901] device-mapper: uevent: version 1.0.3
[    0.955367] device-mapper: ioctl: 4.37.0-ioctl (2017-09-20) initialised: dm-devel@redhat.com
[    0.959030] ledtrig-cpu: registered to indicate activity on CPUs
[    0.962693] NET: Registered protocol family 10
[    0.969628] Segment Routing with IPv6
[    0.971336] NET: Registered protocol family 17
[    0.973611] Key type dns_resolver registered
[    0.975879] mce: Using 0 MCE banks
[    0.977462] RAS: Correctable Errors collector initialized.
[    0.979782] sched_clock: Marking stable (977426713, 0)->(1349957828, -372531115)
[    0.984702] registered taskstats version 1
[    0.986465] Loading compiled-in X.509 certificates
[    0.991311] Loaded X.509 cert 'Build time autogenerated kernel key: b5b26778eaa3ab3a4a6cee031137706e947d12ad'
[    0.995824] Loaded X.509 cert 'Canonical Ltd. Live Patch Signing: 14df34d1a87cf37625abec039ef2bf521249b969'
[    1.000127] Loaded X.509 cert 'Canonical Ltd. Kernel Module Signing: 88f752e560a1e0737e31163a466ad7b70a850c19'
[    1.004389] blacklist: Loading compiled-in revocation X.509 certificates
[    1.007253] Loaded X.509 cert 'Canonical Ltd. Secure Boot Signing: 61482aa2830d0ab2ad5af10b7250da9033ddcef0'
[    1.011263] Loaded X.509 cert 'Canonical Ltd. Secure Boot Signing (2017): 242ade75ac4a15e50d50c84b0d45ff3eae707a03'
[    1.015490] Loaded X.509 cert 'Canonical Ltd. Secure Boot Signing (ESM 2018): 365188c1d374d6b07c3c8f240f8ef722433d6a8b'
[    1.019953] Loaded X.509 cert 'Canonical Ltd. Secure Boot Signing (2019): c0746fd6c5da3ae827864651ad66ae47fe24b3e8'
[    1.024599] Loaded X.509 cert 'Canonical Ltd. Secure Boot Signing (2021 v1): a8d54bbb3825cfb94fa13c9f8a594a195c107b8d'
[    1.028946] Loaded X.509 cert 'Canonical Ltd. Secure Boot Signing (2021 v2): 4cf046892d6fd3c9a5b03f98d845f90851dc6a8c'
[    1.033270] Loaded X.509 cert 'Canonical Ltd. Secure Boot Signing (2021 v3): 100437bb6de6e469b581e61cd66bce3ef4ed53af'
[    1.037644] Loaded X.509 cert 'Canonical Ltd. Secure Boot Signing (Ubuntu Core 2019): c1d57b8f6b743f23ee41f4f7ee292f06eecadfb9'
[    1.042397] zswap: loaded using pool lzo/zbud
[    1.049564] Key type big_key registered
[    1.051172] Key type trusted registered
[    1.055001] Key type encrypted registered
[    1.056831] AppArmor: AppArmor sha1 policy hashing enabled
[    1.059075] ima: No TPM chip found, activating TPM-bypass! (rc=-19)
[    1.061749] ima: Allocated hash algorithm: sha1
[    1.063637] evm: HMAC attrs: 0x1
[    1.065433]   Magic number: 5:976:952
[    1.067074] tty tty9: hash matches
[    1.068668] memory memory5: hash matches
[    1.083631] rtc_cmos rtc_cmos: setting system clock to 2025-04-13 20:56:55 UTC (1744577815)
[    1.087500] BIOS EDD facility v0.16 2004-Jun-25, 0 devices found
[    1.090143] EDD information not available.
[    1.104260] Freeing unused kernel image memory: 2480K
[    1.120962] Write protecting the kernel read-only data: 20480k
[    1.125323] Freeing unused kernel image memory: 2008K
[    1.127883] Freeing unused kernel image memory: 1820K
[    1.133349] x86/mm: Checked W+X mappings: passed, no W+X pages found.
Loading, please wait...
starting version 237
[    1.225013] Fusion MPT base driver 3.04.20
[    1.227239] Copyright (c) 1999-2008 LSI Corporation
[    1.230239] e1000: Intel(R) PRO/1000 Network Driver - version 7.3.21-k8-NAPI
[    1.233475] e1000: Copyright (c) 1999-2006 Intel Corporation.
[    1.266677] Fusion MPT SPI Host driver 3.04.20
[    1.295604] SSE version of gcm_enc/dec engaged.
[    1.489723] input: ImExPS/2 Generic Explorer Mouse as /devices/platform/i8042/serio1/input/input4
[    2.236315] e1000 0000:00:03.0 eth0: (PCI:33MHz:32-bit) 02:3b:7b:b7:3b:2d
[    2.239244] e1000 0000:00:03.0 eth0: Intel(R) PRO/1000 Network Connection
[    2.244338] mptbase: ioc0: Initiating bringup
[    2.244777] e1000 0000:00:03.0 enp0s3: renamed from eth0
[    2.391603] ioc0: LSI53C1030 A0: Capabilities={Initiator}
[    4.071541] scsi host2: ioc0: LSI53C1030 A0, FwRev=00000000h, Ports=1, MaxQ=256, IRQ=20
[    5.263747] scsi 2:0:0:0: Direct-Access     VBOX     HARDDISK         1.0  PQ: 0 ANSI: 5
[    5.318378] scsi target2:0:0: Beginning Domain Validation
[    5.329588] scsi target2:0:0: Domain Validation skipping write tests
[    5.332113] scsi target2:0:0: Ending Domain Validation
[    5.334324] scsi target2:0:0: asynchronous
[    5.337391] scsi 2:0:1:0: Direct-Access     VBOX     HARDDISK         1.0  PQ: 0 ANSI: 5
[    5.406762] scsi target2:0:1: Beginning Domain Validation
[    5.415303] scsi target2:0:1: Domain Validation skipping write tests
[    5.417863] scsi target2:0:1: Ending Domain Validation
[    5.420496] scsi target2:0:1: asynchronous
[    5.427989] sd 2:0:0:0: [sda] 83886080 512-byte logical blocks: (42.9 GB/40.0 GiB)
[    5.431203] sd 2:0:0:0: [sda] Write Protect is off
[    5.433416] sd 2:0:0:0: [sda] Incomplete mode parameter data
[    5.435734] sd 2:0:0:0: [sda] Assuming drive cache: write through
[    5.439246] sd 2:0:0:0: Attached scsi generic sg0 type 0
[    5.442603] sd 2:0:1:0: Attached scsi generic sg1 type 0
[    5.445592] sd 2:0:1:0: [sdb] 20480 512-byte logical blocks: (10.5 MB/10.0 MiB)
[    5.448050]  sda: sda1
[    5.450454] sd 2:0:1:0: [sdb] Write Protect is off
[    5.451494] sd 2:0:0:0: [sda] Attached SCSI disk
[    5.455733] sd 2:0:1:0: [sdb] Incomplete mode parameter data
[    5.458511] sd 2:0:1:0: [sdb] Assuming drive cache: write through
[    5.465869] sd 2:0:1:0: [sdb] Attached SCSI disk
Begin: Loading essential drivers ... [    7.357473] raid6: sse2x1   gen() 144699 MB/s
[    9.357124] raid6: sse2x1   xor() 279669 MB/s
[   11.348581] raid6: sse2x2   gen() 576699 MB/s
[   12.404667] raid6: sse2x2   xor() 17583 MB/s
[   12.456609] raid6: sse2x4   gen() 25523 MB/s
[   12.508848] raid6: sse2x4   xor() 10679 MB/s
[   12.510793] raid6: using algorithm sse2x2 gen() 576699 MB/s
[   12.513376] raid6: .... xor() 17583 MB/s, rmw enabled
[   12.515601] raid6: using ssse3x2 recovery algorithm
[   12.519105] xor: measuring software checksum speed
[   12.560585]    prefetch64-sse: 26451.000 MB/sec
[   12.600698]    generic_sse: 31788.000 MB/sec
[   12.602496] xor: using function: generic_sse (31788.000 MB/sec)
[   12.606290] async_tx: api initialized (async)
done.
Begin: Running /scripts/init-premount ... done.
Begin: Mounting root file system ... Begin: Running /scripts/local-top ... done.
Begin: Running /scripts/local-premount ... [   12.642711] Btrfs loaded, crc32c=crc32c-intel
Scanning for Btrfs filesystems
done.
Warning: fsck not present, so skipping root file system
[   12.674279] EXT4-fs (sda1): mounted filesystem with ordered data mode. Opts: (null)
done.
Begin: Running /scripts/local-bottom ... done.
Begin: Running /scripts/init-bottom ... done.
[   12.818622] ip_tables: (C) 2000-2006 Netfilter Core Team
[   12.828925] systemd[1]: systemd 237 running in system mode. (+PAM +AUDIT +SELINUX +IMA +APPARMOR +SMACK +SYSVINIT +UTMP +LIBCRYPTSETUP +GCRYPT +GNUTLS +ACL +XZ +LZ4 +SECCOMP +BLKID +ELFUTILS +KMOD -IDN2 +IDN -PCRE2 default-hierarchy=hybrid)
[   12.838036] systemd[1]: Detected virtualization oracle.
[   12.840415] systemd[1]: Detected architecture x86-64.

Welcome to [1mUbuntu 18.04.6 LTS[0m!

[   12.858150] systemd[1]: Set hostname to <ubuntu>.
[   12.862917] systemd[1]: Initializing machine ID from random generator.
[   12.866004] systemd[1]: Installed transient /etc/machine-id file.
[   13.106010] systemd[1]: Created slice System Slice.
[[0;32m  OK  [0m] Created slice System Slice.
[   13.110619] systemd[1]: Created slice system-serial\x2dgetty.slice.
[[0;32m  OK  [0m] Created slice system-serial\x2dgetty.slice.
[   13.115606] systemd[1]: Listening on udev Control Socket.
[[0;32m  OK  [0m] Listening on udev Control Socket.
[   13.120234] systemd[1]: Started Forward Password Requests to Wall Directory Watch.
[[0;32m  OK  [0m] Started Forward Password Requests to Wall Directory Watch.
[[0;32m  OK  [0m] Listening on /dev/initctl Compatibility Named Pipe.
[[0;32m  OK  [0m] Reached target User and Group Name Lookups.
[[0;32m  OK  [0m] Listening on udev Kernel Socket.
[[0;32m  OK  [0m] Reached target Swap.
[[0;32m  OK  [0m] Listening on Syslog Socket.
[[0;32m  OK  [0m] Listening on LVM2 poll daemon socket.
[[0;32m  OK  [0m] Listening on Journal Socket.
         Starting Uncomplicated firewall...
         Starting Set the console keyboard layout...
         Mounting Huge Pages File System...
[[0;32m  OK  [0m] Listening on Network Service Netlink Socket.
         Starting udev Coldplug all Devices...
[[0;32m  OK  [0m] Listening on Device-mapper event daemon FIFOs.
         Starting Load Kernel Modules...
[[0;32m  OK  [0m] Reached target Mounting snaps.
[[0;32m  OK  [0m] Listening on fsck to fsckd communication Socket.
         Starting File System Check on Root Device...
[[0;32m  OK  [0m] Set up automount Arbitrary Executab…rmats File System Automount Point.
         Starting Create list of required st…ce nodes for the current kernel...
         Mounting POSIX Message Queue File System...
[[0;32m  OK  [0m] Listening on LVM2 metadata daemon socket.
         Starting Monitoring of LVM2 mirrors…ng dmeventd or progress polling...
[[0;32m  OK  [0m[   13.213030] Loading iSCSI transport class v2.0-870.
] Reached target System Time Synchronized.
[[0;32m  OK  [0m] Created slice User and Session Slice.
         Mounting Kernel Debug File System...[   13.221717] iscsi: registered transport (tcp)

[[0;32m  OK  [0m] Listening on Journal Socket (/dev/log).
[[0;32m  OK  [0m] Reached target Slices.
[[0;32m  OK  [0m] Reached target Mounted snaps.
[[0;32m  OK  [0m] Listening on Journal Audit Socket.
         Starting Journal Service...
[[0;32m  OK  [0m] Started Uncomplicated firewall.
[[0;32m  OK  [0m] Mounted Huge Pages File System.
[[0;32m  OK  [0m] Mounted POSIX Message Queue File System.
[[0;32m  OK  [0m] Mounted Kernel Debug File System.
[[0;32m  OK  [0m] Started File System Check Daemon to report status.
[[0;32m  OK  [0m] Started Create list of required sta…vice nodes for the current kernel.
         Starting Create Static Device Nodes in /dev...
[[0;32m  OK  [0m] Started udev Coldplug all Devices.
[[0;32m  OK  [0m] Started LVM2 metadata daemon.
[[   13.301160] iscsi: registered transport (iser)
[0;32m  OK  [0m] Started File System Check on Root Device.
[[0;32m  OK  [0m] Started Load Kernel Modules.
         Mounting FUSE Control File System...
         Starting Apply Kernel Variables...
         Mounting Kernel Configuration File System...
         Starting Remount Root and Kernel File Systems...
[[0;32m  OK  [0m] Started Journal Service.
[[0;32m  OK  [0m] Mounted FUSE Control File System.
[[0;32m  OK  [0m] Mounted Kernel Configuration File System.
[[0;32m  OK  [0m] Started Create Static Device Nodes in /dev.
[[0;32m  OK  [0m] Started Apply Kernel Variables.
[[0;32m  OK  [0m] Started Remount Root and Kernel File Systems.
[[0;32m  OK  [0m] Started Monitoring of LVM2 mirrors,…sing dmeventd or progress polling.
         Starting udev Kernel Device Manager...
         Starting Load/Save Random Seed...
         Starting Flush Journal to Persistent Storage...
[[0;32m  OK  [0m] Started udev Kernel Device Manager.
[[0;32m  OK  [0m] Started Load/Save Random Seed.
[[0;32m  OK  [0m] Started Flush Journal to Persistent Storage.
[[0;32m  OK  [0m] Found device /dev/ttyS0.
[[0;32m  OK  [0m] Listening on Load/Save RF Kill Switch Status /dev/rfkill Watch.
         Mounting Arbitrary Executable File Formats File System...
[[0;32m  OK  [0m] Started Set the console keyboard layout.
[[0;32m  OK  [0m] Reached target Local File Systems (Pre).
[[0;32m  OK  [0m] Reached target Local File Systems.
         Starting ebtables ruleset management...
         Starting Commit a transient machine-id on disk...
         Starting AppArmor initialization...
         Starting Tell Plymouth To Write Out Runtime Data...
         Starting Create Volatile Files and Directories...
         Starting Set console font and keymap...
[[0;32m  OK  [0m] Started Dispatch Password Requests to Console Directory Watch.
[[0;32m  OK  [0m] Reached target Local Encrypted Volumes.
[[0;32m  OK  [0m] Mounted Arbitrary Executable File Formats File System.
[[0;32m  OK  [0m] Started Tell Plymouth To Write Out Runtime Data.
[[0;32m  OK  [0m] Started Create Volatile Files and Directories.
         Starting Update UTMP about System Boot/Shutdown...
[[0;32m  OK  [0m] Started Update UTMP about System Boot/Shutdown.
[[0;32m  OK  [0m] Started Commit a transient machine-id on disk.
[[0;32m  OK  [0m] Started ebtables ruleset management.
[[0;32m  OK  [0m] Started AppArmor initialization.
         Starting Load AppArmor profiles managed internally by snapd...
         Starting Initial cloud-init job (pre-networking)...
[[0;32m  OK  [0m] Started Load AppArmor profiles managed internally by snapd.
[[0;32m  OK  [0m] Started Set console font and keymap.
[   15.546610] cloud-init[748]: Cloud-init v. 23.1.2-0ubuntu0~18.04.1 running 'init-local' at Sun, 13 Apr 2025 20:57:09 +0000. Up 15.32 seconds.
[[0;32m  OK  [0m] Started Initial cloud-init job (pre-networking).
[[0;32m  OK  [0m] Reached target Network (Pre).
         Starting Network Service...
[[0;32m  OK  [0m] Started Network Service.
         Starting Wait for Network to be Configured...
         Starting Network Name Resolution...
[[0;32m  OK  [0m] Started Network Name Resolution.
[[0;32m  OK  [0m] Reached target Network.
[[0;32m  OK  [0m] Reached target Host and Network Name Lookups.
[[0;32m  OK  [0m] Started Wait for Network to be Configured.
         Starting Initial cloud-init job (metadata service crawler)...
[   17.099359] cloud-init[905]: Cloud-init v. 23.1.2-0ubuntu0~18.04.1 running 'init' at Sun, 13 Apr 2025 20:57:11 +0000. Up 17.02 seconds.
[   17.101448] cloud-init[905]: ci-info: ++++++++++++++++++++++++++++++++++++++Net device info++++++++++++++++++++++++++++++++++++++
[   17.103699] cloud-init[905]: ci-info: +--------+------+----------------------------+---------------+--------+-------------------+
[   17.105794] cloud-init[905]: ci-info: | Device |  Up  |          Address           |      Mask     | Scope  |     Hw-Address    |
[   17.107714] cloud-init[905]: ci-info: +--------+------+----------------------------+---------------+--------+-------------------+
[   17.109612] cloud-init[905]: ci-info: | enp0s3 | True |         10.0.2.15          | 255.255.255.0 | global | 02:3b:7b:b7:3b:2d |
[   17.111534] cloud-init[905]: ci-info: | enp0s3 | True | fd00::3b:7bff:feb7:3b2d/64 |       .       | global | 02:3b:7b:b7:3b:2d |
[   17.113488] cloud-init[905]: ci-info: | enp0s3 | True | fe80::3b:7bff:feb7:3b2d/64 |       .       |  link  | 02:3b:7b:b7:3b:2d |
[   17.115479] cloud-init[905]: ci-info: |   lo   | True |         127.0.0.1          |   255.0.0.0   |  host  |         .         |
[   17.117448] cloud-init[905]: ci-info: |   lo   | True |          ::1/128           |       .       |  host  |         .         |
[   17.119323] cloud-init[905]: ci-info: +--------+------+----------------------------+---------------+--------+-------------------+
[   17.121812] cloud-init[905]: ci-info: ++++++++++++++++++++++++++++Route IPv4 info+++++++++++++++++++++++++++++
[   17.123898] cloud-init[905]: ci-info: +-------+-------------+----------+-----------------+-----------+-------+
[   17.125787] cloud-init[905]: ci-info: | Route | Destination | Gateway  |     Genmask     | Interface | Flags |
[   17.127598] cloud-init[905]: ci-info: +-------+-------------+----------+-----------------+-----------+-------+
[   17.129355] cloud-init[905]: ci-info: |   0   |   0.0.0.0   | 10.0.2.2 |     0.0.0.0     |   enp0s3  |   UG  |
[   17.130968] cloud-init[905]: ci-info: |   1   |   10.0.2.0  | 0.0.0.0  |  255.255.255.0  |   enp0s3  |   U   |
[   17.132655] cloud-init[905]: ci-info: |   2   |   10.0.2.2  | 0.0.0.0  | 255.255.255.255 |   enp0s3  |   UH  |
[   17.134250] cloud-init[905]: ci-info: +-------+-------------+----------+-----------------+-----------+-------+
[   17.135946] cloud-init[905]: ci-info: +++++++++++++++++++Route IPv6 info+++++++++++++++++++
[   17.137966] cloud-init[905]: ci-info: +-------+-------------+---------+-----------+-------+
[   17.139595] cloud-init[905]: ci-info: | Route | Destination | Gateway | Interface | Flags |
[   17.141207] cloud-init[905]: ci-info: +-------+-------------+---------+-----------+-------+
[   17.142596] cloud-init[905]: ci-info: |   1   |  fd00::/64  |    ::   |   enp0s3  |   U   |
[   17.143993] cloud-init[905]: ci-info: |   2   |  fe80::/64  |    ::   |   enp0s3  |   U   |
[   17.145495] cloud-init[905]: ci-info: |   3   |     ::/0    | fe80::2 |   enp0s3  |   UG  |
[   17.146881] cloud-init[905]: ci-info: |   5   |    local    |    ::   |   enp0s3  |   U   |
[   17.148356] cloud-init[905]: ci-info: |   6   |   ff00::/8  |    ::   |   enp0s3  |   U   |
[   17.149713] cloud-init[905]: ci-info: +-------+-------------+---------+-----------+-------+
[   17.717895] cloud-init[905]: Generating public/private rsa key pair.
[   17.720516] cloud-init[905]: Your identification has been saved in /etc/ssh/ssh_host_rsa_key.
[   17.723172] cloud-init[905]: Your public key has been saved in /etc/ssh/ssh_host_rsa_key.pub.
[   17.725876] cloud-init[905]: The key fingerprint is:
[   17.727929] cloud-init[905]: SHA256:PGsQjM1sHSR7SKZnFamTRSBBCGdgyBL5gE01dtoMCnU root@ubuntu-bionic
[   17.730627] cloud-init[905]: The key's randomart image is:
[   17.732931] cloud-init[905]: +---[RSA 2048]----+
[   17.734916] cloud-init[905]: |OX=+E.*+*o       |
[   17.737211] cloud-init[905]: |B=o+ ^ *o.       |
[   17.739329] cloud-init[905]: |.o. + #+o        |
[   17.741550] cloud-init[905]: |  .  +++         |
[   17.743585] cloud-init[905]: |      ..S        |[[0;32m  OK  [0m] Started Initial cloud-init job (metadata service crawler).
[[0;32m  OK  [0m] Reached target Network is Online.

         Starting Availability of block devices...
[[0;32m  OK  [0m] [   17.751624] cloud-init[905]: |       . o       |
[   17.753819] cloud-init[905]: |        o        |
[   17.754002] cloud-init[905]: |       .         |
[   17.754186] cloud-init[905]: |                 |
[   17.754522] cloud-init[905]: +----[SHA256]-----+
[   17.754727] cloud-init[905]: Generating public/private dsa key pair.
[   17.754924] cloud-init[905]: Your identification has been saved in /etc/ssh/ssh_host_dsa_key.
[   17.755107] cloud-init[905]: Your public key has been saved in /etc/ssh/ssh_host_dsa_key.pub.
[   17.755310] cloud-init[905]: The key fingerprint is:
[   17.755499] cloud-init[905]: SHA256:iytcUwWvwtmAn4NS5A7Yfpcb5Z36t7Jmsw9oeVu4Njk root@ubuntu-bionic
[   17.755705] cloud-init[905]: The key's randomart image is:
[   17.755894] cloud-init[905]: +---[DSA 1024]----+
[   17.756317] cloud-init[905]: |    .   ..       |
[   17.756513] cloud-init[905]: | o o .   ..      |
[   17.756703] cloud-init[905]: |. o + . ...      |
[   17.756891] cloud-init[905]: | . + + O.o .     |
[   17.757083] cloud-init[905]: |  o + @.S o      |
[   17.757274] cloud-init[905]: |   o .o* = .     |
[   17.757492] cloud-init[905]: |   . .o.* +..    |
[   17.757660] cloud-init[905]: |    o  o oE=.    |
[   17.757851] cloud-init[905]: |     ..  +*Xo.   |
[   17.758041] cloud-init[905]: +----[SHA256]-----+
[   17.758234] cloud-init[905]: Generating public/private ecdsa key pair.
[   17.758423] cloud-init[905]: Your identification has been saved in /etc/ssh/ssh_host_ecdsa_key.
[   17.758620] cloud-init[905]: Your public key has been saved in /etc/ssh/ssh_host_ecdsa_key.pub.
[   17.758809] cloud-init[905]: The key fingerprint is:
[   17.758999] cloud-init[905]: SHA256:wfCXOPUUoMF5/dnNsF1EV/iAkQRp1LwEo3ds394Y1mc root@ubuntu-bionic
[   17.759191] cloud-init[905]: The key's randomart image is:
[   17.759389] cloud-init[905]: +---[ECDSA 256]---+
[   17.759590] cloud-init[905]: |      ...oBX== +*|
[   17.759779] cloud-init[905]: |       +o*+*B + o|
[   17.759972] cloud-init[905]: |        Oo+.=o Xo|
[   17.760616] cloud-init[905]: |         = o..+o*|
[   17.760793] cloud-init[905]: |        S     + E|
[   17.760983] cloud-init[905]: |             . =o|
[   17.761174] cloud-init[905]: |              . o|
[   17.761364] cloud-init[905]: |                 |
[   17.761558] cloud-init[905]: |                 |
[   17.761754] cloud-init[905]: +----[SHA256]-----+
[   17.761947] cloud-init[905]: Generating public/private ed25519 key pair.
[   17.762136] cloud-init[905]: Your identification has been saved in /etc/ssh/ssh_host_ed25519_key.
[   17.762327] cloud-init[905]: Your public key has been saved in /etc/ssh/ssh_host_ed25519_key.pub.
[   17.762523] cloud-init[905]: The key fingerprint is:
[   17.762711] cloud-init[905]: SHA256:WTBu02OfPo250ciudMNDdTM1GmwWbVMn6+OysWO2vAc root@ubuntu-bionic
[   17.762901] cloud-init[905]: The key's randomart image is:
[   17.763093] cloud-init[905]: +--[ED25519 256]--+
[   17.763283] cloud-init[905]: |        o   .o+.=|
[   17.763472] cloud-init[905]: |       . +   +o*+|
[   17.763671] cloud-init[905]: |        + = o.+oo|
[   17.763860] cloud-init[905]: |       . = o + .o|
[   17.764055] cloud-init[905]: |        S   + o  |
[   17.764247] cloud-init[905]: |           =EB . |
[   17.764436] cloud-init[905]: |          . /.+  |
[   17.764881] cloud-init[905]: |         . ++@.  |
[   17.765081] cloud-init[905]: |          .+O=   |
[   17.765257] cloud-init[905]: +----[SHA256]-----+
Reached target Remote File Systems (Pre).
[[0;32m  OK  [0m] Reached target Remote File Systems.
[[0;32m  OK  [0m] Reached target System Initialization.
         Starting LXD - unix socket.
[[0;32m  OK  [0m] Started Daily Cleanup of Temporary Directories.
[[0;32m  OK  [0m] Started ACPI Events Check.
[[0;32m  OK  [0m] Reached target Paths.
[[0;32m  OK  [0m] Started Discard unused blocks once a week.
[[0;32m  OK  [0m] Listening on Open-iSCSI iscsid Socket.
[[0;32m  OK  [0m] Listening on ACPID Listen Socket.
[[0;32m  OK  [0m] Listening on cloud-init hotplug hook socket.
         Starting Socket activation for snappy daemon.
[[0;32m  OK  [0m] Started Daily apt download activities.
[[0;32m  OK  [0m] Started Daily apt upgrade and clean activities.
[[0;32m  OK  [0m] Started Message of the Day.
[[0;32m  OK  [0m] Started Ubuntu Advantage Timer for running repeated jobs.
[[0;32m  OK  [0m] Reached target Timers.
[[0;32m  OK  [0m] Listening on UUID daemon activation socket.
[[0;32m  OK  [0m] Listening on D-Bus System Message Bus Socket.
[[0;32m  OK  [0m] Reached target Cloud-config availability.
[[0;32m  OK  [0m] Started Availability of block devices.
[[0;32m  OK  [0m] Listening on LXD - unix socket.
[[0;32m  OK  [0m] Listening on Socket activation for snappy daemon.
[[0;32m  OK  [0m] Reached target Sockets.
[[0;32m  OK  [0m] Reached target Basic System.
         Starting Pollinate to seed the pseudo random number generator...
         Starting Accounts Service...
[[0;32m  OK  [0m] Started D-Bus System Message Bus.
[[0;32m  OK  [0m] Started irqbalance daemon.
         Starting Permit User Sessions...
         Starting LXD - container startup/shutdown...
         Starting LSB: Record successful boot for GRUB...
         Starting Dispatcher daemon for systemd-networkd...
         Starting System Logging Service...
[[0;32m  OK  [0m] Reached target Login Prompts (Pre).
[[0;32m  OK  [0m] Started Deferred execution scheduler.
         Starting Virtualbox guest utils...
         Starting Snap Daemon...
[[0;32m  OK  [0m] Started Regular background program processing daemon.
         Starting Login Service...
         Starting LSB: automatic crash report generation...
[[0;32m  OK  [0m] Started FUSE filesystem for LXC.
[[0;32m  OK  [0m] Started System Logging Service.
[[0;32m  OK  [0m] Started Permit User Sessions.
[[0;32m  OK  [0m] Started Login Service.
[[0;32m  OK  [0m] Started Unattended Upgrades Shutdown.
         Starting Authorization Manager...
         Starting Hostname Service...
         Starting Terminate Plymouth Boot Screen...
         Starting Hold until boot process finishes up...
[[0;32m  OK  [0m] Started Hold until boot process finishes up.
[[0;32m  OK  [0m] Started Terminate Plymouth Boot Screen.
         Starting Set console scheme...
[[0;32m  OK  [0m] Started Serial Getty on ttyS0.
[[0;32m  OK  [0m] Started Authorization Manager.
[[0;32m  OK  [0m] Started Accounts Service.
[[0;32m  OK  [0m] Started LXD - container startup/shutdown.
[[0;32m  OK  [0m] Started LSB: Record successful boot for GRUB.
[[0;32m  OK  [0m] Started Set console scheme.
[[0;32m  OK  [0m] Created slice system-getty.slice.
[[0;32m  OK  [0m] Started Getty on tty1.
[[0;32m  OK  [0m] Reached target Login Prompts.
[[0;32m  OK  [0m] Started LSB: automatic crash report generation.
[[0;32m  OK  [0m] Started Hostname Service.
[[0;32m  OK  [0m] Started Virtualbox guest utils.
[[0;32m  OK  [0m] Started Dispatcher daemon for systemd-networkd.
[[0;32m  OK  [0m] Started Snap Daemon.
         Starting Wait until snapd is fully seeded...
         Starting Time & Date Service...
[[0;32m  OK  [0m] Started Time & Date Service.
[[0;32m  OK  [0m] Started Wait until snapd is fully seeded.
         Starting Apply the settings specified in cloud-config...
[   20.009019] cloud-init[1458]: Cloud-init v. 23.1.2-0ubuntu0~18.04.1 running 'modules:config' at Sun, 13 Apr 2025 20:57:14 +0000. Up 19.73 seconds.
[[0;32m  OK  [0m] Started Apply the settings specified in cloud-config.
[[0;32m  OK  [0m] Started Pollinate to seed the pseudo random number generator.
         Starting OpenBSD Secure Shell server...
[[0;32m  OK  [0m] Started OpenBSD Secure Shell server.
[[0;32m  OK  [0m] Reached target Multi-User System.
         Starting Execute cloud user/final scripts...
[[0;32m  OK  [0m] Reached target Graphical Interface.
         Starting Update UTMP about System Runlevel Changes...
[[0;32m  OK  [0m] Started Update UTMP about System Runlevel Changes.
[[0;32m  OK  [0m] Created slice User Slice of vagrant.
         Starting User Manager for UID 1000...
[[0;32m  OK  [0m] Started Session 1 of user vagrant.
[[0;32m  OK  [0m] Started User Manager for UID 1000.
ci-info: no authorized SSH keys fingerprints found for user ubuntu.
<14>Apr 13 20:57:15 cloud-init: #############################################################
<14>Apr 13 20:57:15 cloud-init: -----BEGIN SSH HOST KEY FINGERPRINTS-----
<14>Apr 13 20:57:15 cloud-init: 1024 SHA256:iytcUwWvwtmAn4NS5A7Yfpcb5Z36t7Jmsw9oeVu4Njk root@ubuntu-bionic (DSA)
<14>Apr 13 20:57:15 cloud-init: 256 SHA256:wfCXOPUUoMF5/dnNsF1EV/iAkQRp1LwEo3ds394Y1mc root@ubuntu-bionic (ECDSA)
<14>Apr 13 20:57:15 cloud-init: 256 SHA256:WTBu02OfPo250ciudMNDdTM1GmwWbVMn6+OysWO2vAc root@ubuntu-bionic (ED25519)
<14>Apr 13 20:57:15 cloud-init: 2048 SHA256:PGsQjM1sHSR7SKZnFamTRSBBCGdgyBL5gE01dtoMCnU root@ubuntu-bionic (RSA)
<14>Apr 13 20:57:15 cloud-init: -----END SSH HOST KEY FINGERPRINTS-----
<14>Apr 13 20:57:15 cloud-init: #############################################################
-----BEGIN SSH HOST KEY KEYS-----
ecdsa-sha2-nistp256 AAAAE2VjZHNhLXNoYTItbmlzdHAyNTYAAAAIbmlzdHAyNTYAAABBBMx1I7dHb4BEq/vBcWOt65ihD7JVZOUB0dYV2VBVXPkVOb46a3Xe3B3MAAHEOG31m6uc9ejPKWG0HlP0TSo7O7Q= root@ubuntu-bionic
ssh-ed25519 AAAAC3NzaC1lZDI1NTE5AAAAIDFJ3RXfQShZIbJ4izV7wcRDlA/LTGnjIRLC9EwXK8mv root@ubuntu-bionic
ssh-rsa AAAAB3NzaC1yc2EAAAADAQABAAABAQDUs9F2g5MZcz3Ur3bGScjXgK9pqvl61Ssx4GSGBaFQc+L17aNfoyOY3pkiUKyUKi4f5bD+Ci7xUk59gLpR2tC19Xt0QtobrEJNjys7ZjnY1Gf+Hra6VIeSVkM5NkaIiXs1t7HPl7f+apR5mSJtZXGb8F3EfqvrFeIMwCMX7MxezZAUR5aeBl1p9CJ4c5C5RWtFlZTzmGPiYvfFUOCx38KKfS4eb155NjgoEv6g7tbp+z//7vLl1mja42t5cP72Yc9IcZ6v6M1vYMbrMgW/dhWtA92+9GW3z2UG60B348spGTHcPxr5hPnyfDqsFV6PZS4E8svgz83wt+0gmPtHqTQv root@ubuntu-bionic
-----END SSH HOST KEY KEYS-----
[   21.286121] cloud-init[1541]: Cloud-init v. 23.1.2-0ubuntu0~18.04.1 running 'modules:final' at Sun, 13 Apr 2025 20:57:15 +0000. Up 21.06 seconds.
[   21.288612] cloud-init[1541]: Cloud-init v. 23.1.2-0ubuntu0~18.04.1 finished at Sun, 13 Apr 2025 20:57:15 +0000. Datasource DataSourceNoCloud [seed=/dev/sdb][dsmode=net].  Up 21.27 seconds
[[0;32m  OK  [0m] Started Execute cloud user/final scripts.
[[0;32m  OK  [0m] Reached target Cloud-init target.

Ubuntu 18.04.6 LTS ubuntu-bionic ttyS0

ubuntu-bionic login: 